#
# There is insufficient memory for the Java Runtime Environment to continue.
# Native memory allocation (mmap) failed to map 134217728 bytes for G1 virtual space
# Possible reasons:
#   The system is out of physical RAM or swap space
#   The process is running with CompressedOops enabled, and the Java Heap may be blocking the growth of the native heap
# Possible solutions:
#   Reduce memory load on the system
#   Increase physical memory or swap space
#   Check if swap backing store is full
#   Decrease Java heap size (-Xmx/-Xms)
#   Decrease number of Java threads
#   Decrease Java thread stack sizes (-Xss)
#   Set larger code cache with -XX:ReservedCodeCacheSize=
#   JVM is running with Unscaled Compressed Oops mode in which the Java heap is
#     placed in the first 4GB address space. The Java Heap base address is the
#     maximum limit for the native heap growth. Please use -XX:HeapBaseMinAddress
#     to set the Java Heap base and to place the Java Heap above 4GB virtual address.
# This output file may be truncated or incomplete.
#
#  Out of Memory Error (os_windows.cpp:3548), pid=5168, tid=27368
#
# JRE version:  (17.0.12+8) (build )
# Java VM: Java HotSpot(TM) 64-Bit Server VM (17.0.12+8-LTS-286, mixed mode, emulated-client, sharing, tiered, compressed oops, compressed class ptrs, g1 gc, windows-amd64)
# No core dump will be written. Minidumps are not enabled by default on client versions of Windows
#

---------------  S U M M A R Y ------------

Command Line: -Dcom.sun.management.jmxremote -Dcom.sun.management.jmxremote.port=64963 -Dcom.sun.management.jmxremote.authenticate=false -Dcom.sun.management.jmxremote.ssl=false -Djava.rmi.server.hostname=localhost -Dspring.jmx.enabled=true -Dmanagement.endpoints.jmx.exposure.include=* -Dspring.application.admin.enabled=true -Dspring.output.ansi.enabled=always -XX:TieredStopAtLevel=1 -Dspring.boot.project.name=demo2 -Dfile.encoding=UTF-8 -Dstdout.encoding=UTF-8 -Dstderr.encoding=UTF-8 -XX:+ShowCodeDetailsInExceptionMessages com.example.demo.Demo2Application

Host: Intel(R) Core(TM) i5-4690 CPU @ 3.50GHz, 4 cores, 7G,  Windows 10 , 64 bit Build 19041 (10.0.19041.3636)
Time: Wed Jan  7 18:11:28 2026  Windows 10 , 64 bit Build 19041 (10.0.19041.3636) elapsed time: 0.039156 seconds (0d 0h 0m 0s)

---------------  T H R E A D  ---------------

Current thread (0x000001397354c9b0):  JavaThread "Unknown thread" [_thread_in_vm, id=27368, stack(0x0000000e3d600000,0x0000000e3d700000)]

Stack: [0x0000000e3d600000,0x0000000e3d700000]
Native frames: (J=compiled Java code, j=interpreted, Vv=VM code, C=native code)
V  [jvm.dll+0x67a04a]
V  [jvm.dll+0x7da4ed]
V  [jvm.dll+0x7dbe33]
V  [jvm.dll+0x7dc4a3]
V  [jvm.dll+0x24508f]
V  [jvm.dll+0x677089]
V  [jvm.dll+0x66bd32]
V  [jvm.dll+0x301fa6]
V  [jvm.dll+0x309546]
V  [jvm.dll+0x359d2e]
V  [jvm.dll+0x359f5f]
V  [jvm.dll+0x2d9078]
V  [jvm.dll+0x2d9fe4]
V  [jvm.dll+0x7aca21]
V  [jvm.dll+0x367591]
V  [jvm.dll+0x78b999]
V  [jvm.dll+0x3ec83f]
V  [jvm.dll+0x3ee471]
C  [jli.dll+0x5297]
C  [ucrtbase.dll+0x21bb2]
C  [KERNEL32.DLL+0x17344]
C  [ntdll.dll+0x4cc91]


---------------  P R O C E S S  ---------------

Threads class SMR info:
_java_thread_list=0x00007ffdc6187a18, length=0, elements={
}

Java Threads: ( => current thread )

Other Threads:
  0x00000139735a7310 GCTaskThread "GC Thread#0" [stack: 0x0000000e3d800000,0x0000000e3d900000] [id=2656]
  0x00000139735b8fc0 ConcurrentGCThread "G1 Main Marker" [stack: 0x0000000e3d900000,0x0000000e3da00000] [id=16960]
  0x00000139735b98e0 ConcurrentGCThread "G1 Conc#0" [stack: 0x0000000e3da00000,0x0000000e3db00000] [id=13308]

[error occurred during error reporting (printing all threads), id 0xc0000005, EXCEPTION_ACCESS_VIOLATION (0xc0000005) at pc=0x00007ffdc59b9b67]

VM state: not at safepoint (not fully initialized)

VM Mutex/Monitor currently owned by a thread:  ([mutex/lock_event])
[0x00000139735471f0] Heap_lock - owner thread: 0x000001397354c9b0

Heap address: 0x0000000080e00000, size: 2034 MB, Compressed Oops mode: 32-bit

CDS archive(s) mapped at: [0x0000000000000000-0x0000000000000000-0x0000000000000000), size 0, SharedBaseAddress: 0x0000000800000000, ArchiveRelocationMode: 1.
Narrow klass base: 0x0000000000000000, Narrow klass shift: 0, Narrow klass range: 0x0

GC Precious Log:
<Empty>

Heap:
 garbage-first heap   total 0K, used 0K [0x0000000080e00000, 0x0000000100000000)
  region size 1024K, 0 young (0K), 0 survivors (0K)

[error occurred during error reporting (printing heap information), id 0xc0000005, EXCEPTION_ACCESS_VIOLATION (0xc0000005) at pc=0x00007ffdc5da3859]

GC Heap History (0 events):
No events

Deoptimization events (0 events):
No events

Classes unloaded (0 events):
No events

Classes redefined (0 events):
No events

Internal exceptions (0 events):
No events

VM Operations (0 events):
No events

Events (1 events):
Event: 0.026 Loaded shared library C:\Program Files\Java\jdk-17\bin\java.dll


Dynamic libraries:
0x00007ff78ec00000 - 0x00007ff78ec10000 	C:\Program Files\Java\jdk-17\bin\javaw.exe
0x00007ffe72af0000 - 0x00007ffe72ce8000 	C:\Windows\SYSTEM32\ntdll.dll
0x00007ffe72380000 - 0x00007ffe7243d000 	C:\Windows\System32\KERNEL32.DLL
0x00007ffe702b0000 - 0x00007ffe705a6000 	C:\Windows\System32\KERNELBASE.dll
0x00007ffe701b0000 - 0x00007ffe702b0000 	C:\Windows\System32\ucrtbase.dll
0x00007ffe6d330000 - 0x00007ffe6d349000 	C:\Program Files\Java\jdk-17\bin\jli.dll
0x00007ffe70b90000 - 0x00007ffe70c40000 	C:\Windows\System32\ADVAPI32.dll
0x00007ffe70c70000 - 0x00007ffe70d0e000 	C:\Windows\System32\msvcrt.dll
0x00007ffe71d40000 - 0x00007ffe71de0000 	C:\Windows\System32\sechost.dll
0x00007ffe72520000 - 0x00007ffe72643000 	C:\Windows\System32\RPCRT4.dll
0x00007ffe705e0000 - 0x00007ffe70607000 	C:\Windows\System32\bcrypt.dll
0x00007ffe72770000 - 0x00007ffe7290f000 	C:\Windows\System32\USER32.dll
0x00007ffe705b0000 - 0x00007ffe705d2000 	C:\Windows\System32\win32u.dll
0x00007ffe70c40000 - 0x00007ffe70c6b000 	C:\Windows\System32\GDI32.dll
0x00007ffe70970000 - 0x00007ffe70a87000 	C:\Windows\System32\gdi32full.dll
0x00007ffe70a90000 - 0x00007ffe70b2d000 	C:\Windows\System32\msvcp_win.dll
0x00007ffe6c6a0000 - 0x00007ffe6c6bb000 	C:\Program Files\Java\jdk-17\bin\VCRUNTIME140.dll
0x00007ffe63f10000 - 0x00007ffe641aa000 	C:\Windows\WinSxS\amd64_microsoft.windows.common-controls_6595b64144ccf1df_6.0.19041.4355_none_60b8b9eb71f62e16\COMCTL32.dll
0x00007ffe6a800000 - 0x00007ffe6a80a000 	C:\Windows\SYSTEM32\VERSION.dll
0x00007ffe71070000 - 0x00007ffe7109f000 	C:\Windows\System32\IMM32.DLL
0x00007ffe6c670000 - 0x00007ffe6c67c000 	C:\Program Files\Java\jdk-17\bin\vcruntime140_1.dll
0x00007ffe452a0000 - 0x00007ffe4532e000 	C:\Program Files\Java\jdk-17\bin\msvcp140.dll
0x00007ffdc56d0000 - 0x00007ffdc62b0000 	C:\Program Files\Java\jdk-17\bin\server\jvm.dll
0x00007ffe72aa0000 - 0x00007ffe72aa8000 	C:\Windows\System32\PSAPI.DLL
0x00007ffe52260000 - 0x00007ffe52269000 	C:\Windows\SYSTEM32\WSOCK32.dll
0x00007ffe72700000 - 0x00007ffe7276b000 	C:\Windows\System32\WS2_32.dll
0x00007ffe69c00000 - 0x00007ffe69c27000 	C:\Windows\SYSTEM32\WINMM.dll
0x00007ffe6e050000 - 0x00007ffe6e062000 	C:\Windows\SYSTEM32\kernel.appcore.dll
0x00007ffe6c660000 - 0x00007ffe6c66a000 	C:\Program Files\Java\jdk-17\bin\jimage.dll
0x00007ffe65cd0000 - 0x00007ffe65eb4000 	C:\Windows\SYSTEM32\DBGHELP.DLL
0x00007ffe61a10000 - 0x00007ffe61a44000 	C:\Windows\SYSTEM32\dbgcore.DLL
0x00007ffe707c0000 - 0x00007ffe70842000 	C:\Windows\System32\bcryptPrimitives.dll
0x00007ffe530c0000 - 0x00007ffe530e5000 	C:\Program Files\Java\jdk-17\bin\java.dll

dbghelp: loaded successfully - version: 4.0.5 - missing functions: none
symbol engine: initialized successfully - sym options: 0x614 - pdb path: .;C:\Program Files\Java\jdk-17\bin;C:\Windows\SYSTEM32;C:\Windows\WinSxS\amd64_microsoft.windows.common-controls_6595b64144ccf1df_6.0.19041.4355_none_60b8b9eb71f62e16;C:\Program Files\Java\jdk-17\bin\server

VM Arguments:
jvm_args: -Dcom.sun.management.jmxremote -Dcom.sun.management.jmxremote.port=64963 -Dcom.sun.management.jmxremote.authenticate=false -Dcom.sun.management.jmxremote.ssl=false -Djava.rmi.server.hostname=localhost -Dspring.jmx.enabled=true -Dmanagement.endpoints.jmx.exposure.include=* -Dspring.application.admin.enabled=true -Dspring.output.ansi.enabled=always -XX:TieredStopAtLevel=1 -Dspring.boot.project.name=demo2 -Dfile.encoding=UTF-8 -Dstdout.encoding=UTF-8 -Dstderr.encoding=UTF-8 -XX:+ShowCodeDetailsInExceptionMessages 
java_command: com.example.demo.Demo2Application
java_class_path (initial): C:\Users\tij32\Documents\workspace-spring-tools-for-eclipse-5.0.0.RELEASE\demo2\bin\main;C:\Users\tij32\.gradle\caches\modules-2\files-2.1\org.springframework.boot\spring-boot-starter-web\4.0.1\5d686bdc4417486872aa7e1fa305bcf4fec7076b\spring-boot-starter-web-4.0.1.jar;C:\Users\tij32\.gradle\caches\modules-2\files-2.1\org.springframework.boot\spring-boot-starter-thymeleaf\4.0.1\c4d281dc2010c72396c408d154e8481e3e2ab85c\spring-boot-starter-thymeleaf-4.0.1.jar;C:\Users\tij32\.gradle\caches\modules-2\files-2.1\org.springframework.boot\spring-boot-starter-data-jpa\4.0.1\22b1d62cb82cd5347b0ae2ac87ae9d0a12678662\spring-boot-starter-data-jpa-4.0.1.jar;C:\Users\tij32\.gradle\caches\modules-2\files-2.1\org.springframework.boot\spring-boot-starter-jackson\4.0.1\89aa1cd99f32ed00f1fd9d5c22e019e7cb9fa262\spring-boot-starter-jackson-4.0.1.jar;C:\Users\tij32\.gradle\caches\modules-2\files-2.1\org.springframework.boot\spring-boot-starter-tomcat\4.0.1\ebf0883b5ef313119a35f74bfdcc55a816bf85a7\spring-boot-starter-tomcat-4.0.1.jar;C:\Users\tij32\.gradle\caches\modules-2\files-2.1\org.springframework.boot\spring-boot-http-converter\4.0.1\ff2953160f2bffc4c888067300f9bf367ae55f26\spring-boot-http-converter-4.0.1.jar;C:\Users\tij32\.gradle\caches\modules-2\files-2.1\org.springframework.boot\spring-boot-webmvc\4.0.1\4635bb0220cba3d95ab0b0883b5b1460f59bb31d\spring-boot-webmvc-4.0.1.jar;C:\Users\tij32\.gradle\caches\modules-2\files-2.1\org.springframework.boot\spring-boot-starter-jdbc\4.0.1\fd16a73a05db1d551749f6059a519f88674bccad\spring-boot-starter-jdbc-4.0.1.jar;C:\Users\tij32\.gradle\caches\modules-2\files-2.1\org.springframework.boot\spring-boot-starter\4.0.1\775e306503c1170ba472a33a47a6549a15e7015f\spring-boot-starter-4.0.1.jar;C:\Users\tij32\.gradle\caches\modules-2\files-2.1\org.springframework.boot\spring-boot-thymeleaf\4.0.1\5cd1c557435904adebbd7064ed833906373506b8\spring-boot-thymeleaf-4.0.1.jar;C:\Users\tij32\.gradle\caches\modules-2\files-2.1\org.spring
Launcher Type: SUN_STANDARD

[Global flags]
     intx CICompilerCount                          = 3                                         {product} {ergonomic}
     uint ConcGCThreads                            = 1                                         {product} {ergonomic}
     uint G1ConcRefinementThreads                  = 4                                         {product} {ergonomic}
   size_t G1HeapRegionSize                         = 1048576                                   {product} {ergonomic}
    uintx GCDrainStackTargetSize                   = 64                                        {product} {ergonomic}
   size_t InitialHeapSize                          = 134217728                                 {product} {ergonomic}
     bool ManagementServer                         = true                                      {product} {command line}
   size_t MarkStackSize                            = 4194304                                   {product} {ergonomic}
   size_t MaxHeapSize                              = 2132803584                                {product} {ergonomic}
   size_t MinHeapDeltaBytes                        = 1048576                                   {product} {ergonomic}
   size_t MinHeapSize                              = 8388608                                   {product} {ergonomic}
    uintx NonProfiledCodeHeapSize                  = 0                                      {pd product} {ergonomic}
     bool ProfileInterpreter                       = false                                  {pd product} {command line}
    uintx ProfiledCodeHeapSize                     = 0                                      {pd product} {ergonomic}
     bool ShowCodeDetailsInExceptionMessages       = true                                   {manageable} {command line}
   size_t SoftMaxHeapSize                          = 2132803584                             {manageable} {ergonomic}
     intx TieredStopAtLevel                        = 1                                         {product} {command line}
     bool UseCompressedClassPointers               = true                           {product lp64_product} {ergonomic}
     bool UseCompressedOops                        = true                           {product lp64_product} {ergonomic}
     bool UseG1GC                                  = true                                      {product} {ergonomic}
     bool UseLargePagesIndividualAllocation        = false                                  {pd product} {ergonomic}

Logging:
Log output configuration:
 #0: stdout all=warning uptime,level,tags
 #1: stderr all=off uptime,level,tags

Environment Variables:
JAVA_HOME=C:\eGovFrame-3.10.0\bin\jdk8u242-b08
CLASSPATH=.
PATH=C:/dev/sts-5.0.0.RELEASE//plugins/org.eclipse.justj.openjdk.hotspot.jre.full.win32.x86_64_25.0.1.v20251108-1451/jre/bin/server;C:/dev/sts-5.0.0.RELEASE//plugins/org.eclipse.justj.openjdk.hotspot.jre.full.win32.x86_64_25.0.1.v20251108-1451/jre/bin;C:\Program Files\Common Files\Oracle\Java\javapath;C:\oraclexe\app\oracle\product\11.2.0\server\bin;C:\eGovFrame-3.10.0\bin\jdk8u242-b08\bin;C:\oraclexe\app\oracle\product\11.2.0\server\bin;C:\Program Files (x86)\Common Files\Oracle\Java\javapath;C:\Windows\system32;C:\Windows;C:\Windows\System32\Wbem;C:\Windows\System32\WindowsPowerShell\v1.0\;C:\Windows\System32\OpenSSH\;C:\Program Files (x86)\NVIDIA Corporation\PhysX\Common;C:\Program Files\NVIDIA Corporation\NVIDIA NvDLISR;C:\Program Files\dotnet\;C:\Program Files (x86)\Windows Kits\10\Windows Performance Toolkit\;C:\Program Files\Git LFS;C:\Users\tij32\AppData\Local\Programs\Eclipse Adoptium\jdk-17.0.17.10-hotspot\bin;C:\Users\tij32\AppData\Local\Microsoft\WindowsApps;C:\Users\tij32\AppData\Local\Programs\Microsoft VS Code\bin;C:\Users\tij32\AppData\Local\GitHubDesktop\bin;C:\Users\tij32\.dotnet\tools;C:\dev\sts-5.0.0.RELEASE;
USERNAME=tij32
OS=Windows_NT
PROCESSOR_IDENTIFIER=Intel64 Family 6 Model 60 Stepping 3, GenuineIntel



---------------  S Y S T E M  ---------------

OS:
 Windows 10 , 64 bit Build 19041 (10.0.19041.3636)
OS uptime: 9 days 5:13 hours

CPU: total 4 (initial active 4) (4 cores per cpu, 1 threads per core) family 6 model 60 stepping 3 microcode 0x27, cx8, cmov, fxsr, mmx, sse, sse2, sse3, ssse3, sse4.1, sse4.2, popcnt, lzcnt, tsc, tscinvbit, avx, avx2, aes, erms, clmul, bmi1, bmi2, fma, vzeroupper, clflush

Memory: 4k page, system-wide physical 8130M (912M free)
TotalPageFile size 32706M (AvailPageFile size 5M)
current process WorkingSet (physical memory assigned to process): 10M, peak: 10M
current process commit charge ("private bytes"): 47M, peak: 174M

vm_info: Java HotSpot(TM) 64-Bit Server VM (17.0.12+8-LTS-286) for windows-amd64 JRE (17.0.12+8-LTS-286), built on Jun  5 2024 06:46:59 by "mach5one" with MS VC++ 17.6 (VS2022)

END.
